<?xml version="1.0" encoding="UTF-8"?>
<!-- Generated by org.testng.reporters.JUnitReportReporter -->
<testsuite hostname="DESKTOP-E81936R" failures="0" tests="1" name="Scripts.TestCase2" time="30.805" errors="0" timestamp="2023-10-27T11:14:36 IST" skipped="0">
  <testcase classname="Scripts.TestCase2" name="testc1" time="30.805"/>
  <system-out/>
</testsuite> <!-- Scripts.TestCase2 -->
