<?xml version="1.0" encoding="UTF-8"?>
<!-- Generated by org.testng.reporters.JUnitReportReporter -->
<testsuite hostname="DESKTOP-E81936R" failures="0" tests="1" name="Scripts.TestCase1" time="53.283" errors="0" timestamp="2023-10-27T11:13:24 IST" skipped="0">
  <testcase classname="Scripts.TestCase1" name="testc1" time="53.283"/>
  <system-out/>
</testsuite> <!-- Scripts.TestCase1 -->
